2021-08-21 22:33:42:3342 [34mhttp[39m: [34mGET / 304 - - 6.808 ms[39m
[34m[39m
2021-08-21 22:33:48:3348 [34mhttp[39m: [34mGET / 304 - - 1.262 ms[39m
[34m[39m
2021-08-21 22:47:16:4716 [34mhttp[39m: [34mGET / 304 - - 5.015 ms[39m
[34m[39m
2021-08-21 22:47:34:4734 [34mhttp[39m: [34mGET / 304 - - 4.176 ms[39m
[34m[39m
2022-02-17 14:47:17:4717 [34mhttp[39m: [34mGET /api/login 200 12 - 1.730 ms[39m
[34m[39m
2022-02-17 14:57:04:574 [34mhttp[39m: [34mGET /api/login 200 2 - 2.195 ms[39m
[34m[39m
2022-02-17 15:03:21:321 [34mhttp[39m: [34mPOST /api/register 404 17 - 9.629 ms[39m
[34m[39m
2022-02-17 15:03:50:350 [34mhttp[39m: [34mPOST /api/register - - - - ms[39m
[34m[39m
2022-02-17 15:04:15:415 [34mhttp[39m: [34mPOST /api/register - - - - ms[39m
[34m[39m
2022-02-17 15:07:43:743 [34mhttp[39m: [34mPOST /api/register - - - - ms[39m
[34m[39m
2022-02-17 15:12:09:129 [34mhttp[39m: [34mPOST /api/register - - - - ms[39m
[34m[39m
2022-02-17 15:12:23:1223 [34mhttp[39m: [34mPOST /api/register - - - - ms[39m
[34m[39m
2022-02-17 15:16:08:168 [34mhttp[39m: [34mPOST /api/register 200 71 - 24.358 ms[39m
[34m[39m
2022-02-17 15:16:37:1637 [34mhttp[39m: [34mPOST /api/register 200 71 - 28.442 ms[39m
[34m[39m
2022-02-17 15:17:52:1752 [34mhttp[39m: [34mPOST /api/register 400 83 - 12.355 ms[39m
[34m[39m
2022-02-17 15:21:52:2152 [34mhttp[39m: [34mPOST /api/login - - - - ms[39m
[34m[39m
2022-02-17 15:22:11:2211 [34mhttp[39m: [34mPOST /api/login - - - - ms[39m
[34m[39m
2022-02-17 15:22:52:2252 [34mhttp[39m: [34mPOST /api/login - - - - ms[39m
[34m[39m
2022-02-17 15:24:17:2417 [34mhttp[39m: [34mPOST /api/login - - - - ms[39m
[34m[39m
2022-02-17 15:24:30:2430 [34mhttp[39m: [34mPOST /api/login - - - - ms[39m
[34m[39m
2022-02-17 15:29:40:2940 [34mhttp[39m: [34mPOST /api/login 400 114 - 12.988 ms[39m
[34m[39m
2022-02-17 15:29:46:2946 [34mhttp[39m: [34mPOST /api/login 400 76 - 1.779 ms[39m
[34m[39m
2022-02-17 15:29:51:2951 [34mhttp[39m: [34mPOST /api/login 400 84 - 2.093 ms[39m
[34m[39m
2022-02-17 15:30:14:3014 [34mhttp[39m: [34mPOST /api/login 400 114 - 38.769 ms[39m
[34m[39m
2022-02-17 15:35:50:3550 [34mhttp[39m: [34mPOST /api/register 200 71 - 55.033 ms[39m
[34m[39m
2022-02-17 15:36:38:3638 [34mhttp[39m: [34mPOST /api/register - - - - ms[39m
[34m[39m
2022-02-17 15:37:02:372 [34mhttp[39m: [34mPOST /api/register 200 71 - 94.367 ms[39m
[34m[39m
2022-02-17 15:40:08:408 [34mhttp[39m: [34mPOST /api/login 200 105 - 92.518 ms[39m
[34m[39m
2022-02-17 15:45:04:454 [34mhttp[39m: [34mPOST /api/login - - - - ms[39m
[34m[39m
2022-02-17 15:45:59:4559 [34mhttp[39m: [34mPOST /api/login 200 294 - 88.431 ms[39m
[34m[39m
2022-02-17 20:49:21:4921 [34mhttp[39m: [34mPOST /api/login 400 76 - 106.699 ms[39m
[34m[39m
2022-02-17 20:49:27:4927 [34mhttp[39m: [34mPOST /api/login 400 84 - 4.161 ms[39m
[34m[39m
2022-02-17 20:49:31:4931 [34mhttp[39m: [34mPOST /api/login 200 294 - 84.952 ms[39m
[34m[39m
2022-02-17 20:49:36:4936 [34mhttp[39m: [34mPOST /api/register 400 83 - 6.788 ms[39m
[34m[39m
